2019-11-14 21:21:21.637  INFO 15620 --- [main] cn.mh.log.LogApplication                 : Starting LogApplication on mahao with PID 15620 (D:\Java\source\spring\springboot-learn\log\target\classes started by mahao in D:\Java\source\spring\springboot-learn)
2019-11-14 21:21:21.640 DEBUG 15620 --- [main] cn.mh.log.LogApplication                 : Running with Spring Boot v1.5.9.RELEASE, Spring v4.3.13.RELEASE
2019-11-14 21:21:21.644  INFO 15620 --- [main] cn.mh.log.LogApplication                 : No active profile set, falling back to default profiles: default
2019-11-14 21:21:21.718  INFO 15620 --- [main] ationConfigEmbeddedWebApplicationContext : Refreshing org.springframework.boot.context.embedded.AnnotationConfigEmbeddedWebApplicationContext@1677d1: startup date [Thu Nov 14 21:21:21 CST 2019]; root of context hierarchy
2019-11-14 21:21:23.016  INFO 15620 --- [main] s.b.c.e.t.TomcatEmbeddedServletContainer : Tomcat initialized with port(s): 8080 (http)
2019-11-14 21:21:23.025  INFO 15620 --- [main] o.apache.catalina.core.StandardService   : Starting service [Tomcat]
2019-11-14 21:21:23.026  INFO 15620 --- [main] org.apache.catalina.core.StandardEngine  : Starting Servlet Engine: Apache Tomcat/8.5.23
2019-11-14 21:21:23.120  INFO 15620 --- [localhost-startStop-1] o.a.c.c.C.[Tomcat].[localhost].[/]       : Initializing Spring embedded WebApplicationContext
2019-11-14 21:21:23.121  INFO 15620 --- [localhost-startStop-1] o.s.web.context.ContextLoader            : Root WebApplicationContext: initialization completed in 1403 ms
2019-11-14 21:21:23.279  INFO 15620 --- [localhost-startStop-1] o.s.b.w.servlet.ServletRegistrationBean  : Mapping servlet: 'dispatcherServlet' to [/]
2019-11-14 21:21:23.283  INFO 15620 --- [localhost-startStop-1] o.s.b.w.servlet.FilterRegistrationBean   : Mapping filter: 'characterEncodingFilter' to: [/*]
2019-11-14 21:21:23.284  INFO 15620 --- [localhost-startStop-1] o.s.b.w.servlet.FilterRegistrationBean   : Mapping filter: 'hiddenHttpMethodFilter' to: [/*]
2019-11-14 21:21:23.284  INFO 15620 --- [localhost-startStop-1] o.s.b.w.servlet.FilterRegistrationBean   : Mapping filter: 'httpPutFormContentFilter' to: [/*]
2019-11-14 21:21:23.284  INFO 15620 --- [localhost-startStop-1] o.s.b.w.servlet.FilterRegistrationBean   : Mapping filter: 'requestContextFilter' to: [/*]
2019-11-14 21:21:23.548  INFO 15620 --- [main] s.w.s.m.m.a.RequestMappingHandlerAdapter : Looking for @ControllerAdvice: org.springframework.boot.context.embedded.AnnotationConfigEmbeddedWebApplicationContext@1677d1: startup date [Thu Nov 14 21:21:21 CST 2019]; root of context hierarchy
2019-11-14 21:21:23.601  INFO 15620 --- [main] s.w.s.m.m.a.RequestMappingHandlerMapping : Mapped "{[/error]}" onto public org.springframework.http.ResponseEntity<java.util.Map<java.lang.String, java.lang.Object>> org.springframework.boot.autoconfigure.web.BasicErrorController.error(javax.servlet.http.HttpServletRequest)
2019-11-14 21:21:23.603  INFO 15620 --- [main] s.w.s.m.m.a.RequestMappingHandlerMapping : Mapped "{[/error],produces=[text/html]}" onto public org.springframework.web.servlet.ModelAndView org.springframework.boot.autoconfigure.web.BasicErrorController.errorHtml(javax.servlet.http.HttpServletRequest,javax.servlet.http.HttpServletResponse)
2019-11-14 21:21:23.630  INFO 15620 --- [main] o.s.w.s.handler.SimpleUrlHandlerMapping  : Mapped URL path [/webjars/**] onto handler of type [class org.springframework.web.servlet.resource.ResourceHttpRequestHandler]
2019-11-14 21:21:23.630  INFO 15620 --- [main] o.s.w.s.handler.SimpleUrlHandlerMapping  : Mapped URL path [/**] onto handler of type [class org.springframework.web.servlet.resource.ResourceHttpRequestHandler]
2019-11-14 21:21:23.662  INFO 15620 --- [main] o.s.w.s.handler.SimpleUrlHandlerMapping  : Mapped URL path [/**/favicon.ico] onto handler of type [class org.springframework.web.servlet.resource.ResourceHttpRequestHandler]
2019-11-14 21:21:23.788  INFO 15620 --- [main] o.s.j.e.a.AnnotationMBeanExporter        : Registering beans for JMX exposure on startup
2019-11-14 21:21:23.856  INFO 15620 --- [main] s.b.c.e.t.TomcatEmbeddedServletContainer : Tomcat started on port(s): 8080 (http)
2019-11-14 21:21:23.864  INFO 15620 --- [main] cn.mh.log.LogApplication                 : Started LogApplication in 2.893 seconds (JVM running for 4.537)
2019-11-14 21:21:23.864  INFO 15620 --- [main] org.slf4j.LoggerFactory                  : info
2019-11-14 21:21:23.864  WARN 15620 --- [main] org.slf4j.LoggerFactory                  : warn
2019-11-14 21:21:23.865 ERROR 15620 --- [main] org.slf4j.LoggerFactory                  : error
